d:\faks\magisterij\mag_delo\aplikacija\my_cnn_cv_application\my_cnn_cv_application\x64\debug\vc140.pdb
d:\faks\magisterij\mag_delo\aplikacija\my_cnn_cv_application\my_cnn_cv_application\x64\debug\vc140.idb
d:\faks\magisterij\mag_delo\aplikacija\my_cnn_cv_application\my_cnn_cv_application\x64\debug\cnn.obj
d:\faks\magisterij\mag_delo\aplikacija\my_cnn_cv_application\my_cnn_cv_application\x64\debug\conv_layer.obj
d:\faks\magisterij\mag_delo\aplikacija\my_cnn_cv_application\my_cnn_cv_application\x64\debug\layer.obj
d:\faks\magisterij\mag_delo\aplikacija\my_cnn_cv_application\my_cnn_cv_application\x64\debug\main.obj
d:\faks\magisterij\mag_delo\aplikacija\my_cnn_cv_application\my_cnn_cv_application\x64\debug\maxpool_layer.obj
d:\faks\magisterij\mag_delo\aplikacija\my_cnn_cv_application\my_cnn_cv_application\x64\debug\tensor.obj
d:\faks\magisterij\mag_delo\aplikacija\my_cnn_cv_application\my_cnn_cv_application\x64\debug\cuda.obj
d:\faks\magisterij\mag_delo\aplikacija\my_cnn_cv_application\my_cnn_cv_application\x64\debug\conv_layer_gpu.obj
d:\faks\magisterij\mag_delo\aplikacija\my_cnn_cv_application\x64\debug\my_cnn_cv_application.pdb
d:\faks\magisterij\mag_delo\aplikacija\my_cnn_cv_application\my_cnn_cv_application\x64\debug\my_cnn_c.ff7a1c40.tlog\cl.command.1.tlog
d:\faks\magisterij\mag_delo\aplikacija\my_cnn_cv_application\my_cnn_cv_application\x64\debug\my_cnn_c.ff7a1c40.tlog\cl.read.1.tlog
d:\faks\magisterij\mag_delo\aplikacija\my_cnn_cv_application\my_cnn_cv_application\x64\debug\my_cnn_c.ff7a1c40.tlog\cl.write.1.tlog
d:\faks\magisterij\mag_delo\aplikacija\my_cnn_cv_application\my_cnn_cv_application\x64\debug\my_cnn_c.ff7a1c40.tlog\link-cvtres.read.1.tlog
d:\faks\magisterij\mag_delo\aplikacija\my_cnn_cv_application\my_cnn_cv_application\x64\debug\my_cnn_c.ff7a1c40.tlog\link-cvtres.write.1.tlog
d:\faks\magisterij\mag_delo\aplikacija\my_cnn_cv_application\my_cnn_cv_application\x64\debug\my_cnn_c.ff7a1c40.tlog\link-rc.read.1.tlog
d:\faks\magisterij\mag_delo\aplikacija\my_cnn_cv_application\my_cnn_cv_application\x64\debug\my_cnn_c.ff7a1c40.tlog\link-rc.write.1.tlog
d:\faks\magisterij\mag_delo\aplikacija\my_cnn_cv_application\my_cnn_cv_application\x64\debug\my_cnn_c.ff7a1c40.tlog\link.3652-cvtres.read.1.tlog
d:\faks\magisterij\mag_delo\aplikacija\my_cnn_cv_application\my_cnn_cv_application\x64\debug\my_cnn_c.ff7a1c40.tlog\link.3652-cvtres.write.1.tlog
d:\faks\magisterij\mag_delo\aplikacija\my_cnn_cv_application\my_cnn_cv_application\x64\debug\my_cnn_c.ff7a1c40.tlog\link.3652-rc.read.1.tlog
d:\faks\magisterij\mag_delo\aplikacija\my_cnn_cv_application\my_cnn_cv_application\x64\debug\my_cnn_c.ff7a1c40.tlog\link.3652-rc.write.1.tlog
d:\faks\magisterij\mag_delo\aplikacija\my_cnn_cv_application\my_cnn_cv_application\x64\debug\my_cnn_c.ff7a1c40.tlog\link.3652.read.1.tlog
d:\faks\magisterij\mag_delo\aplikacija\my_cnn_cv_application\my_cnn_cv_application\x64\debug\my_cnn_c.ff7a1c40.tlog\link.3652.write.1.tlog
d:\faks\magisterij\mag_delo\aplikacija\my_cnn_cv_application\my_cnn_cv_application\x64\debug\my_cnn_c.ff7a1c40.tlog\link.command.1.tlog
d:\faks\magisterij\mag_delo\aplikacija\my_cnn_cv_application\my_cnn_cv_application\x64\debug\my_cnn_c.ff7a1c40.tlog\link.read.1.tlog
d:\faks\magisterij\mag_delo\aplikacija\my_cnn_cv_application\my_cnn_cv_application\x64\debug\my_cnn_c.ff7a1c40.tlog\link.write.1.tlog
